# JRE version: OpenJDK Runtime Environment (8.0_202-b03) (build 1.8.0_202-release-1483-b03)
# Java VM: OpenJDK 64-Bit Server VM (25.202-b03 mixed mode windows-amd64 compressed oops)
Heap:
 PSYoungGen      total 256512K, used 150925K [0x00000000e0000000, 0x00000000f6280000, 0x0000000100000000)
  eden space 207360K, 49% used [0x00000000e0000000,0x00000000e6366c08,0x00000000eca80000)
  from space 49152K, 99% used [0x00000000f0400000,0x00000000f33fcba0,0x00000000f3400000)
  to   space 58880K, 0% used [0x00000000eca80000,0x00000000eca80000,0x00000000f0400000)
 ParOldGen       total 147968K, used 107870K [0x00000000a0000000, 0x00000000a9080000, 0x00000000e0000000)
  object space 147968K, 72% used [0x00000000a0000000,0x00000000a69579d0,0x00000000a9080000)
 Metaspace       used 84625K, capacity 88352K, committed 88536K, reserved 1126400K
  class space    used 11009K, capacity 11715K, committed 11776K, reserved 1048576K
GC Heap History (10 events):
Event: 1736.918 GC heap before
{Heap before GC invocations=19 (full 3):
 PSYoungGen      total 248832K, used 210673K [0x00000000e0000000, 0x00000000f4780000, 0x0000000100000000)
  eden space 201728K, 100% used [0x00000000e0000000,0x00000000ec500000,0x00000000ec500000)
  from space 47104K, 18% used [0x00000000ec500000,0x00000000ecdbc658,0x00000000ef300000)
  to   space 46080K, 0% used [0x00000000f1a80000,0x00000000f1a80000,0x00000000f4780000)
 ParOldGen       total 147968K, used 104834K [0x00000000a0000000, 0x00000000a9080000, 0x00000000e0000000)
  object space 147968K, 70% used [0x00000000a0000000,0x00000000a6660be8,0x00000000a9080000)
 Metaspace       used 83038K, capacity 86326K, committed 86616K, reserved 1124352K
  class space    used 10929K, capacity 11568K, committed 11648K, reserved 1048576K
Event: 1736.936 GC heap after
Heap after GC invocations=19 (full 3):
 PSYoungGen      total 281088K, used 4976K [0x00000000e0000000, 0x00000000f4280000, 0x0000000100000000)
  eden space 240128K, 0% used [0x00000000e0000000,0x00000000e0000000,0x00000000eea80000)
  from space 40960K, 12% used [0x00000000f1a80000,0x00000000f1f5c010,0x00000000f4280000)
  to   space 45056K, 0% used [0x00000000eea80000,0x00000000eea80000,0x00000000f1680000)
 ParOldGen       total 147968K, used 104842K [0x00000000a0000000, 0x00000000a9080000, 0x00000000e0000000)
  object space 147968K, 70% used [0x00000000a0000000,0x00000000a6662be8,0x00000000a9080000)
 Metaspace       used 83038K, capacity 86326K, committed 86616K, reserved 1124352K
  class space    used 10929K, capacity 11568K, committed 11648K, reserved 1048576K
}
Event: 2804.279 GC heap before
{Heap before GC invocations=20 (full 3):
 PSYoungGen      total 281088K, used 245104K [0x00000000e0000000, 0x00000000f4280000, 0x0000000100000000)
  eden space 240128K, 100% used [0x00000000e0000000,0x00000000eea80000,0x00000000eea80000)
  from space 40960K, 12% used [0x00000000f1a80000,0x00000000f1f5c010,0x00000000f4280000)
  to   space 45056K, 0% used [0x00000000eea80000,0x00000000eea80000,0x00000000f1680000)
 ParOldGen       total 147968K, used 104842K [0x00000000a0000000, 0x00000000a9080000, 0x00000000e0000000)
  object space 147968K, 70% used [0x00000000a0000000,0x00000000a6662be8,0x00000000a9080000)
 Metaspace       used 83537K, capacity 86934K, committed 87128K, reserved 1124352K
  class space    used 10943K, capacity 11592K, committed 11648K, reserved 1048576K
Event: 2804.350 GC heap after
Heap after GC invocations=20 (full 3):
 PSYoungGen      total 273920K, used 41969K [0x00000000e0000000, 0x00000000f4780000, 0x0000000100000000)
  eden space 231936K, 0% used [0x00000000e0000000,0x00000000e0000000,0x00000000ee280000)
  from space 41984K, 99% used [0x00000000eea80000,0x00000000f137c448,0x00000000f1380000)
  to   space 51712K, 0% used [0x00000000f1500000,0x00000000f1500000,0x00000000f4780000)
 ParOldGen       total 147968K, used 104842K [0x00000000a0000000, 0x00000000a9080000, 0x00000000e0000000)
  object space 147968K, 70% used [0x00000000a0000000,0x00000000a6662be8,0x00000000a9080000)
 Metaspace       used 83537K, capacity 86934K, committed 87128K, reserved 1124352K
  class space    used 10943K, capacity 11592K, committed 11648K, reserved 1048576K
}
Event: 2931.570 GC heap before
{Heap before GC invocations=21 (full 3):
 PSYoungGen      total 273920K, used 273905K [0x00000000e0000000, 0x00000000f4780000, 0x0000000100000000)
  eden space 231936K, 100% used [0x00000000e0000000,0x00000000ee280000,0x00000000ee280000)
  from space 41984K, 99% used [0x00000000eea80000,0x00000000f137c448,0x00000000f1380000)
  to   space 51712K, 0% used [0x00000000f1500000,0x00000000f1500000,0x00000000f4780000)
 ParOldGen       total 147968K, used 104842K [0x00000000a0000000, 0x00000000a9080000, 0x00000000e0000000)
  object space 147968K, 70% used [0x00000000a0000000,0x00000000a6662be8,0x00000000a9080000)
 Metaspace       used 83923K, capacity 87266K, committed 87384K, reserved 1124352K
  class space    used 10960K, capacity 11624K, committed 11648K, reserved 1048576K
Event: 2931.596 GC heap after
Heap after GC invocations=21 (full 3):
 PSYoungGen      total 265216K, used 9473K [0x00000000e0000000, 0x00000000f3d00000, 0x0000000100000000)
  eden space 224256K, 0% used [0x00000000e0000000,0x00000000e0000000,0x00000000edb00000)
  from space 40960K, 23% used [0x00000000f1500000,0x00000000f1e40668,0x00000000f3d00000)
  to   space 50176K, 0% used [0x00000000edb00000,0x00000000edb00000,0x00000000f0c00000)
 ParOldGen       total 147968K, used 104850K [0x00000000a0000000, 0x00000000a9080000, 0x00000000e0000000)
  object space 147968K, 70% used [0x00000000a0000000,0x00000000a6664be8,0x00000000a9080000)
 Metaspace       used 83923K, capacity 87266K, committed 87384K, reserved 1124352K
  class space    used 10960K, capacity 11624K, committed 11648K, reserved 1048576K
}
Event: 2950.712 GC heap before
{Heap before GC invocations=22 (full 3):
 PSYoungGen      total 265216K, used 233729K [0x00000000e0000000, 0x00000000f3d00000, 0x0000000100000000)
  eden space 224256K, 100% used [0x00000000e0000000,0x00000000edb00000,0x00000000edb00000)
  from space 40960K, 23% used [0x00000000f1500000,0x00000000f1e40668,0x00000000f3d00000)
  to   space 50176K, 0% used [0x00000000edb00000,0x00000000edb00000,0x00000000f0c00000)
 ParOldGen       total 147968K, used 104850K [0x00000000a0000000, 0x00000000a9080000, 0x00000000e0000000)
  object space 147968K, 70% used [0x00000000a0000000,0x00000000a6664be8,0x00000000a9080000)
 Metaspace       used 84107K, capacity 87612K, committed 87768K, reserved 1126400K
  class space    used 10973K, capacity 11649K, committed 11776K, reserved 1048576K
Event: 2950.723 GC heap after
Heap after GC invocations=22 (full 3):
 PSYoungGen      total 222208K, used 5040K [0x00000000e0000000, 0x00000000f3400000, 0x0000000100000000)
  eden space 217088K, 0% used [0x00000000e0000000,0x00000000e0000000,0x00000000ed400000)
  from space 5120K, 98% used [0x00000000edb00000,0x00000000edfec010,0x00000000ee000000)
  to   space 49152K, 0% used [0x00000000f0400000,0x00000000f0400000,0x00000000f3400000)
 ParOldGen       total 147968K, used 104858K [0x00000000a0000000, 0x00000000a9080000, 0x00000000e0000000)
  object space 147968K, 70% used [0x00000000a0000000,0x00000000a6666be8,0x00000000a9080000)
 Metaspace       used 84107K, capacity 87612K, committed 87768K, reserved 1126400K
  class space    used 10973K, capacity 11649K, committed 11776K, reserved 1048576K
}
Event: 2953.707 GC heap before
{Heap before GC invocations=23 (full 3):
 PSYoungGen      total 222208K, used 222128K [0x00000000e0000000, 0x00000000f3400000, 0x0000000100000000)
  eden space 217088K, 100% used [0x00000000e0000000,0x00000000ed400000,0x00000000ed400000)
  from space 5120K, 98% used [0x00000000edb00000,0x00000000edfec010,0x00000000ee000000)
  to   space 49152K, 0% used [0x00000000f0400000,0x00000000f0400000,0x00000000f3400000)
 ParOldGen       total 147968K, used 104858K [0x00000000a0000000, 0x00000000a9080000, 0x00000000e0000000)
  object space 147968K, 70% used [0x00000000a0000000,0x00000000a6666be8,0x00000000a9080000)
 Metaspace       used 84304K, capacity 87826K, committed 88024K, reserved 1126400K
  class space    used 10974K, capacity 11650K, committed 11776K, reserved 1048576K
Event: 2953.789 GC heap after
Heap after GC invocations=23 (full 3):
 PSYoungGen      total 256512K, used 49138K [0x00000000e0000000, 0x00000000f6280000, 0x0000000100000000)
  eden space 207360K, 0% used [0x00000000e0000000,0x00000000e0000000,0x00000000eca80000)
  from space 49152K, 99% used [0x00000000f0400000,0x00000000f33fcba0,0x00000000f3400000)
  to   space 58880K, 0% used [0x00000000eca80000,0x00000000eca80000,0x00000000f0400000)
 ParOldGen       total 147968K, used 107870K [0x00000000a0000000, 0x00000000a9080000, 0x00000000e0000000)
  object space 147968K, 72% used [0x00000000a0000000,0x00000000a69579d0,0x00000000a9080000)
 Metaspace       used 84304K, capacity 87826K, committed 88024K, reserved 1126400K
  class space    used 10974K, capacity 11650K, committed 11776K, reserved 1048576K
}

