# JRE version: OpenJDK Runtime Environment (8.0_202-b03) (build 1.8.0_202-release-1483-b03)
# Java VM: OpenJDK 64-Bit Server VM (25.202-b03 mixed mode windows-amd64 compressed oops)
Heap:
 PSYoungGen      total 259584K, used 76133K [0x00000000e0000000, 0x00000000f5500000, 0x0000000100000000)
  eden space 200704K, 37% used [0x00000000e0000000,0x00000000e4a59640,0x00000000ec400000)
  from space 58880K, 0% used [0x00000000ec400000,0x00000000ec400000,0x00000000efd80000)
  to   space 56320K, 0% used [0x00000000f1e00000,0x00000000f1e00000,0x00000000f5500000)
 ParOldGen       total 199168K, used 49362K [0x00000000a0000000, 0x00000000ac280000, 0x00000000e0000000)
  object space 199168K, 24% used [0x00000000a0000000,0x00000000a3034b00,0x00000000ac280000)
 Metaspace       used 88961K, capacity 92522K, committed 93696K, reserved 1130496K
  class space    used 11570K, capacity 12271K, committed 12544K, reserved 1048576K
GC Heap History (10 events):
Event: 1333.310 GC heap before
{Heap before GC invocations=21 (full 3):
 PSYoungGen      total 208896K, used 179629K [0x00000000e0000000, 0x00000000f0800000, 0x0000000100000000)
  eden space 166912K, 100% used [0x00000000e0000000,0x00000000ea300000,0x00000000ea300000)
  from space 41984K, 30% used [0x00000000ea300000,0x00000000eaf6b4e0,0x00000000ecc00000)
  to   space 39936K, 0% used [0x00000000ee100000,0x00000000ee100000,0x00000000f0800000)
 ParOldGen       total 143360K, used 89445K [0x00000000a0000000, 0x00000000a8c00000, 0x00000000e0000000)
  object space 143360K, 62% used [0x00000000a0000000,0x00000000a5759750,0x00000000a8c00000)
 Metaspace       used 87241K, capacity 91148K, committed 91392K, reserved 1128448K
  class space    used 11517K, capacity 12267K, committed 12288K, reserved 1048576K
Event: 1333.428 GC heap after
Heap after GC invocations=21 (full 3):
 PSYoungGen      total 220160K, used 39911K [0x00000000e0000000, 0x00000000f2680000, 0x0000000100000000)
  eden space 180224K, 0% used [0x00000000e0000000,0x00000000e0000000,0x00000000eb000000)
  from space 39936K, 99% used [0x00000000ee100000,0x00000000f07f9f28,0x00000000f0800000)
  to   space 50176K, 0% used [0x00000000eb000000,0x00000000eb000000,0x00000000ee100000)
 ParOldGen       total 143360K, used 99554K [0x00000000a0000000, 0x00000000a8c00000, 0x00000000e0000000)
  object space 143360K, 69% used [0x00000000a0000000,0x00000000a61388c8,0x00000000a8c00000)
 Metaspace       used 87241K, capacity 91148K, committed 91392K, reserved 1128448K
  class space    used 11517K, capacity 12267K, committed 12288K, reserved 1048576K
}
Event: 1481.167 GC heap before
{Heap before GC invocations=22 (full 3):
 PSYoungGen      total 220160K, used 220135K [0x00000000e0000000, 0x00000000f2680000, 0x0000000100000000)
  eden space 180224K, 100% used [0x00000000e0000000,0x00000000eb000000,0x00000000eb000000)
  from space 39936K, 99% used [0x00000000ee100000,0x00000000f07f9f28,0x00000000f0800000)
  to   space 50176K, 0% used [0x00000000eb000000,0x00000000eb000000,0x00000000ee100000)
 ParOldGen       total 143360K, used 99554K [0x00000000a0000000, 0x00000000a8c00000, 0x00000000e0000000)
  object space 143360K, 69% used [0x00000000a0000000,0x00000000a61388c8,0x00000000a8c00000)
 Metaspace       used 87629K, capacity 91664K, committed 92032K, reserved 1128448K
  class space    used 11534K, capacity 12299K, committed 12416K, reserved 1048576K
Event: 1481.222 GC heap after
Heap after GC invocations=22 (full 3):
 PSYoungGen      total 230400K, used 20174K [0x00000000e0000000, 0x00000000f2b80000, 0x0000000100000000)
  eden space 180224K, 0% used [0x00000000e0000000,0x00000000e0000000,0x00000000eb000000)
  from space 50176K, 40% used [0x00000000eb000000,0x00000000ec3b3ae0,0x00000000ee100000)
  to   space 47104K, 0% used [0x00000000efd80000,0x00000000efd80000,0x00000000f2b80000)
 ParOldGen       total 143360K, used 106118K [0x00000000a0000000, 0x00000000a8c00000, 0x00000000e0000000)
  object space 143360K, 74% used [0x00000000a0000000,0x00000000a67a1a40,0x00000000a8c00000)
 Metaspace       used 87629K, capacity 91664K, committed 92032K, reserved 1128448K
  class space    used 11534K, capacity 12299K, committed 12416K, reserved 1048576K
}
Event: 1483.860 GC heap before
{Heap before GC invocations=23 (full 3):
 PSYoungGen      total 230400K, used 200398K [0x00000000e0000000, 0x00000000f2b80000, 0x0000000100000000)
  eden space 180224K, 100% used [0x00000000e0000000,0x00000000eb000000,0x00000000eb000000)
  from space 50176K, 40% used [0x00000000eb000000,0x00000000ec3b3ae0,0x00000000ee100000)
  to   space 47104K, 0% used [0x00000000efd80000,0x00000000efd80000,0x00000000f2b80000)
 ParOldGen       total 143360K, used 106118K [0x00000000a0000000, 0x00000000a8c00000, 0x00000000e0000000)
  object space 143360K, 74% used [0x00000000a0000000,0x00000000a67a1a40,0x00000000a8c00000)
 Metaspace       used 88086K, capacity 92130K, committed 92288K, reserved 1128448K
  class space    used 11548K, capacity 12312K, committed 12416K, reserved 1048576K
Event: 1483.969 GC heap after
Heap after GC invocations=23 (full 3):
 PSYoungGen      total 247808K, used 47080K [0x00000000e0000000, 0x00000000f4780000, 0x0000000100000000)
  eden space 200704K, 0% used [0x00000000e0000000,0x00000000e0000000,0x00000000ec400000)
  from space 47104K, 99% used [0x00000000efd80000,0x00000000f2b7a0c8,0x00000000f2b80000)
  to   space 58880K, 0% used [0x00000000ec400000,0x00000000ec400000,0x00000000efd80000)
 ParOldGen       total 143360K, used 117311K [0x00000000a0000000, 0x00000000a8c00000, 0x00000000e0000000)
  object space 143360K, 81% used [0x00000000a0000000,0x00000000a728fea0,0x00000000a8c00000)
 Metaspace       used 88086K, capacity 92130K, committed 92288K, reserved 1128448K
  class space    used 11548K, capacity 12312K, committed 12416K, reserved 1048576K
}
Event: 1641.424 GC heap before
{Heap before GC invocations=24 (full 3):
 PSYoungGen      total 247808K, used 247784K [0x00000000e0000000, 0x00000000f4780000, 0x0000000100000000)
  eden space 200704K, 100% used [0x00000000e0000000,0x00000000ec400000,0x00000000ec400000)
  from space 47104K, 99% used [0x00000000efd80000,0x00000000f2b7a0c8,0x00000000f2b80000)
  to   space 58880K, 0% used [0x00000000ec400000,0x00000000ec400000,0x00000000efd80000)
 ParOldGen       total 143360K, used 117311K [0x00000000a0000000, 0x00000000a8c00000, 0x00000000e0000000)
  object space 143360K, 81% used [0x00000000a0000000,0x00000000a728fea0,0x00000000a8c00000)
 Metaspace       used 89263K, capacity 93402K, committed 93696K, reserved 1130496K
  class space    used 11668K, capacity 12466K, committed 12544K, reserved 1048576K
Event: 1641.476 GC heap after
Heap after GC invocations=24 (full 3):
 PSYoungGen      total 259584K, used 18057K [0x00000000e0000000, 0x00000000f5500000, 0x0000000100000000)
  eden space 200704K, 0% used [0x00000000e0000000,0x00000000e0000000,0x00000000ec400000)
  from space 58880K, 30% used [0x00000000ec400000,0x00000000ed5a2780,0x00000000efd80000)
  to   space 56320K, 0% used [0x00000000f1e00000,0x00000000f1e00000,0x00000000f5500000)
 ParOldGen       total 143360K, used 128608K [0x00000000a0000000, 0x00000000a8c00000, 0x00000000e0000000)
  object space 143360K, 89% used [0x00000000a0000000,0x00000000a7d98260,0x00000000a8c00000)
 Metaspace       used 89263K, capacity 93402K, committed 93696K, reserved 1130496K
  class space    used 11668K, capacity 12466K, committed 12544K, reserved 1048576K
}
Event: 1641.476 GC heap before
{Heap before GC invocations=25 (full 4):
 PSYoungGen      total 259584K, used 18057K [0x00000000e0000000, 0x00000000f5500000, 0x0000000100000000)
  eden space 200704K, 0% used [0x00000000e0000000,0x00000000e0000000,0x00000000ec400000)
  from space 58880K, 30% used [0x00000000ec400000,0x00000000ed5a2780,0x00000000efd80000)
  to   space 56320K, 0% used [0x00000000f1e00000,0x00000000f1e00000,0x00000000f5500000)
 ParOldGen       total 143360K, used 128608K [0x00000000a0000000, 0x00000000a8c00000, 0x00000000e0000000)
  object space 143360K, 89% used [0x00000000a0000000,0x00000000a7d98260,0x00000000a8c00000)
 Metaspace       used 89263K, capacity 93402K, committed 93696K, reserved 1130496K
  class space    used 11668K, capacity 12466K, committed 12544K, reserved 1048576K
Event: 1641.772 GC heap after
Heap after GC invocations=25 (full 4):
 PSYoungGen      total 259584K, used 0K [0x00000000e0000000, 0x00000000f5500000, 0x0000000100000000)
  eden space 200704K, 0% used [0x00000000e0000000,0x00000000e0000000,0x00000000ec400000)
  from space 58880K, 0% used [0x00000000ec400000,0x00000000ec400000,0x00000000efd80000)
  to   space 56320K, 0% used [0x00000000f1e00000,0x00000000f1e00000,0x00000000f5500000)
 ParOldGen       total 199168K, used 49362K [0x00000000a0000000, 0x00000000ac280000, 0x00000000e0000000)
  object space 199168K, 24% used [0x00000000a0000000,0x00000000a3034b00,0x00000000ac280000)
 Metaspace       used 88290K, capacity 91778K, committed 93696K, reserved 1130496K
  class space    used 11495K, capacity 12179K, committed 12544K, reserved 1048576K
}

